ERROR - 2017-09-23T22:10:23-04:00 - Directus\Exception\ForbiddenException: Permission denied in /var/www/html/api/core/Directus/Database/TableSchema.php:182
Stack trace:
#0 /var/www/html/api/core/Directus/Database/TableSchema.php(199): Directus\Database\TableSchema::getTableSchema('test-table', Array, false)
#1 /var/www/html/api/routes/A1/Table.php(101): Directus\Database\TableSchema::getTableColumnsSchema('test-table')
#2 [internal function]: Directus\API\Routes\A1\Table->columns('test-table')
#3 /var/www/html/vendor/slim/slim/Slim/Route.php(468): call_user_func_array(Array, Array)
#4 /var/www/html/vendor/slim/slim/Slim/Slim.php(1357): Slim\Route->dispatch()
#5 /var/www/html/vendor/slim/slim/Slim/Middleware/Flash.php(85): Slim\Slim->call()
#6 /var/www/html/vendor/slim/slim/Slim/Middleware/MethodOverride.php(92): Slim\Middleware\Flash->call()
#7 /var/www/html/api/core/Directus/Slim/CorsMiddleware.php(24): Slim\Middleware\MethodOverride->call()
#8 /var/www/html/vendor/slim/slim/Slim/Slim.php(1302): Directus\Slim\CorsMiddleware->call()
#9 /var/www/html/api/core/Directus/Application/Application.php(103): Slim\Slim->run()
#10 /var/www/html/api/api.php(533): Directus\Application\Application->run()
#11 {main}
ERROR - 2017-09-23T22:10:40-04:00 - Directus\Exception\ForbiddenException: Permission denied in /var/www/html/api/core/Directus/Database/TableSchema.php:182
Stack trace:
#0 /var/www/html/api/core/Directus/Database/TableSchema.php(199): Directus\Database\TableSchema::getTableSchema('test-table', Array, false)
#1 /var/www/html/api/routes/A1/Table.php(101): Directus\Database\TableSchema::getTableColumnsSchema('test-table')
#2 [internal function]: Directus\API\Routes\A1\Table->columns('test-table')
#3 /var/www/html/vendor/slim/slim/Slim/Route.php(468): call_user_func_array(Array, Array)
#4 /var/www/html/vendor/slim/slim/Slim/Slim.php(1357): Slim\Route->dispatch()
#5 /var/www/html/vendor/slim/slim/Slim/Middleware/Flash.php(85): Slim\Slim->call()
#6 /var/www/html/vendor/slim/slim/Slim/Middleware/MethodOverride.php(92): Slim\Middleware\Flash->call()
#7 /var/www/html/api/core/Directus/Slim/CorsMiddleware.php(24): Slim\Middleware\MethodOverride->call()
#8 /var/www/html/vendor/slim/slim/Slim/Slim.php(1302): Directus\Slim\CorsMiddleware->call()
#9 /var/www/html/api/core/Directus/Application/Application.php(103): Slim\Slim->run()
#10 /var/www/html/api/api.php(533): Directus\Application\Application->run()
#11 {main}
ERROR - 2017-09-23T22:11:16-04:00 - Directus\Exception\ForbiddenException: Permission denied in /var/www/html/api/core/Directus/Database/TableSchema.php:182
Stack trace:
#0 /var/www/html/api/core/Directus/Database/TableSchema.php(199): Directus\Database\TableSchema::getTableSchema('test-table', Array, false)
#1 /var/www/html/api/routes/A1/Table.php(101): Directus\Database\TableSchema::getTableColumnsSchema('test-table')
#2 [internal function]: Directus\API\Routes\A1\Table->columns('test-table')
#3 /var/www/html/vendor/slim/slim/Slim/Route.php(468): call_user_func_array(Array, Array)
#4 /var/www/html/vendor/slim/slim/Slim/Slim.php(1357): Slim\Route->dispatch()
#5 /var/www/html/vendor/slim/slim/Slim/Middleware/Flash.php(85): Slim\Slim->call()
#6 /var/www/html/vendor/slim/slim/Slim/Middleware/MethodOverride.php(92): Slim\Middleware\Flash->call()
#7 /var/www/html/api/core/Directus/Slim/CorsMiddleware.php(24): Slim\Middleware\MethodOverride->call()
#8 /var/www/html/vendor/slim/slim/Slim/Slim.php(1302): Directus\Slim\CorsMiddleware->call()
#9 /var/www/html/api/core/Directus/Application/Application.php(103): Slim\Slim->run()
#10 /var/www/html/api/api.php(533): Directus\Application\Application->run()
#11 {main}
ERROR - 2017-09-23T22:11:23-04:00 - Directus\Exception\ForbiddenException: Permission denied in /var/www/html/api/core/Directus/Database/TableSchema.php:182
Stack trace:
#0 /var/www/html/api/core/Directus/Database/TableSchema.php(199): Directus\Database\TableSchema::getTableSchema('test-table', Array, false)
#1 /var/www/html/api/routes/A1/Table.php(101): Directus\Database\TableSchema::getTableColumnsSchema('test-table')
#2 [internal function]: Directus\API\Routes\A1\Table->columns('test-table')
#3 /var/www/html/vendor/slim/slim/Slim/Route.php(468): call_user_func_array(Array, Array)
#4 /var/www/html/vendor/slim/slim/Slim/Slim.php(1357): Slim\Route->dispatch()
#5 /var/www/html/vendor/slim/slim/Slim/Middleware/Flash.php(85): Slim\Slim->call()
#6 /var/www/html/vendor/slim/slim/Slim/Middleware/MethodOverride.php(92): Slim\Middleware\Flash->call()
#7 /var/www/html/api/core/Directus/Slim/CorsMiddleware.php(24): Slim\Middleware\MethodOverride->call()
#8 /var/www/html/vendor/slim/slim/Slim/Slim.php(1302): Directus\Slim\CorsMiddleware->call()
#9 /var/www/html/api/core/Directus/Application/Application.php(103): Slim\Slim->run()
#10 /var/www/html/api/api.php(533): Directus\Application\Application->run()
#11 {main}
ERROR - 2017-09-23T22:11:37-04:00 - Directus\Exception\ForbiddenException: Permission denied in /var/www/html/api/core/Directus/Database/TableSchema.php:182
Stack trace:
#0 /var/www/html/api/core/Directus/Database/TableSchema.php(199): Directus\Database\TableSchema::getTableSchema('test-table', Array, false)
#1 /var/www/html/api/routes/A1/Table.php(101): Directus\Database\TableSchema::getTableColumnsSchema('test-table')
#2 [internal function]: Directus\API\Routes\A1\Table->columns('test-table')
#3 /var/www/html/vendor/slim/slim/Slim/Route.php(468): call_user_func_array(Array, Array)
#4 /var/www/html/vendor/slim/slim/Slim/Slim.php(1357): Slim\Route->dispatch()
#5 /var/www/html/vendor/slim/slim/Slim/Middleware/Flash.php(85): Slim\Slim->call()
#6 /var/www/html/vendor/slim/slim/Slim/Middleware/MethodOverride.php(92): Slim\Middleware\Flash->call()
#7 /var/www/html/api/core/Directus/Slim/CorsMiddleware.php(24): Slim\Middleware\MethodOverride->call()
#8 /var/www/html/vendor/slim/slim/Slim/Slim.php(1302): Directus\Slim\CorsMiddleware->call()
#9 /var/www/html/api/core/Directus/Application/Application.php(103): Slim\Slim->run()
#10 /var/www/html/api/api.php(533): Directus\Application\Application->run()
#11 {main}
ERROR - 2017-09-23T22:11:40-04:00 - Directus\Exception\ForbiddenException: Permission denied in /var/www/html/api/core/Directus/Database/TableSchema.php:182
Stack trace:
#0 /var/www/html/api/core/Directus/Database/TableSchema.php(199): Directus\Database\TableSchema::getTableSchema('test-table', Array, false)
#1 /var/www/html/api/routes/A1/Table.php(101): Directus\Database\TableSchema::getTableColumnsSchema('test-table')
#2 [internal function]: Directus\API\Routes\A1\Table->columns('test-table')
#3 /var/www/html/vendor/slim/slim/Slim/Route.php(468): call_user_func_array(Array, Array)
#4 /var/www/html/vendor/slim/slim/Slim/Slim.php(1357): Slim\Route->dispatch()
#5 /var/www/html/vendor/slim/slim/Slim/Middleware/Flash.php(85): Slim\Slim->call()
#6 /var/www/html/vendor/slim/slim/Slim/Middleware/MethodOverride.php(92): Slim\Middleware\Flash->call()
#7 /var/www/html/api/core/Directus/Slim/CorsMiddleware.php(24): Slim\Middleware\MethodOverride->call()
#8 /var/www/html/vendor/slim/slim/Slim/Slim.php(1302): Directus\Slim\CorsMiddleware->call()
#9 /var/www/html/api/core/Directus/Application/Application.php(103): Slim\Slim->run()
#10 /var/www/html/api/api.php(533): Directus\Application\Application->run()
#11 {main}
ERROR - 2017-09-23T22:12:58-04:00 - Directus\Exception\ForbiddenException: Permission denied in /var/www/html/api/core/Directus/Database/TableSchema.php:182
Stack trace:
#0 /var/www/html/api/core/Directus/Database/TableSchema.php(199): Directus\Database\TableSchema::getTableSchema('test-table', Array, false)
#1 /var/www/html/api/routes/A1/Table.php(101): Directus\Database\TableSchema::getTableColumnsSchema('test-table')
#2 [internal function]: Directus\API\Routes\A1\Table->columns('test-table')
#3 /var/www/html/vendor/slim/slim/Slim/Route.php(468): call_user_func_array(Array, Array)
#4 /var/www/html/vendor/slim/slim/Slim/Slim.php(1357): Slim\Route->dispatch()
#5 /var/www/html/vendor/slim/slim/Slim/Middleware/Flash.php(85): Slim\Slim->call()
#6 /var/www/html/vendor/slim/slim/Slim/Middleware/MethodOverride.php(92): Slim\Middleware\Flash->call()
#7 /var/www/html/api/core/Directus/Slim/CorsMiddleware.php(24): Slim\Middleware\MethodOverride->call()
#8 /var/www/html/vendor/slim/slim/Slim/Slim.php(1302): Directus\Slim\CorsMiddleware->call()
#9 /var/www/html/api/core/Directus/Application/Application.php(103): Slim\Slim->run()
#10 /var/www/html/api/api.php(533): Directus\Application\Application->run()
#11 {main}
ERROR - 2017-09-23T22:22:54-04:00 - Directus\Exception\ForbiddenException: Permission denied in /var/www/html/api/core/Directus/Database/TableSchema.php:182
Stack trace:
#0 /var/www/html/api/core/Directus/Database/TableSchema.php(199): Directus\Database\TableSchema::getTableSchema('test-table', Array, false)
#1 /var/www/html/api/routes/A1/Table.php(101): Directus\Database\TableSchema::getTableColumnsSchema('test-table')
#2 [internal function]: Directus\API\Routes\A1\Table->columns('test-table')
#3 /var/www/html/vendor/slim/slim/Slim/Route.php(468): call_user_func_array(Array, Array)
#4 /var/www/html/vendor/slim/slim/Slim/Slim.php(1357): Slim\Route->dispatch()
#5 /var/www/html/vendor/slim/slim/Slim/Middleware/Flash.php(85): Slim\Slim->call()
#6 /var/www/html/vendor/slim/slim/Slim/Middleware/MethodOverride.php(92): Slim\Middleware\Flash->call()
#7 /var/www/html/api/core/Directus/Slim/CorsMiddleware.php(24): Slim\Middleware\MethodOverride->call()
#8 /var/www/html/vendor/slim/slim/Slim/Slim.php(1302): Directus\Slim\CorsMiddleware->call()
#9 /var/www/html/api/core/Directus/Application/Application.php(103): Slim\Slim->run()
#10 /var/www/html/api/api.php(533): Directus\Application\Application->run()
#11 {main}
ERROR - 2017-09-23T22:22:58-04:00 - Directus\Exception\ForbiddenException: Permission denied in /var/www/html/api/core/Directus/Database/TableSchema.php:182
Stack trace:
#0 /var/www/html/api/core/Directus/Database/TableGateway/BaseTableGateway.php(184): Directus\Database\TableSchema::getTableSchema('test-table', Array, false, false)
#1 /var/www/html/api/core/Directus/Database/TableGateway/BaseTableGateway.php(104): Directus\Database\TableGateway\BaseTableGateway->getTableSchema()
#2 /var/www/html/api/routes/A1/Entries.php(22): Directus\Database\TableGateway\BaseTableGateway->__construct('test-table', Object(Directus\Database\Connection), Object(Directus\Permissions\Acl))
#3 [internal function]: Directus\API\Routes\A1\Entries->rows('test-table')
#4 /var/www/html/vendor/slim/slim/Slim/Route.php(468): call_user_func_array(Array, Array)
#5 /var/www/html/vendor/slim/slim/Slim/Slim.php(1357): Slim\Route->dispatch()
#6 /var/www/html/vendor/slim/slim/Slim/Middleware/Flash.php(85): Slim\Slim->call()
#7 /var/www/html/vendor/slim/slim/Slim/Middleware/MethodOverride.php(92): Slim\Middleware\Flash->call()
#8 /var/www/html/api/core/Directus/Slim/CorsMiddleware.php(24): Slim\Middleware\MethodOverride->call()
#9 /var/www/html/vendor/slim/slim/Slim/Slim.php(1302): Directus\Slim\CorsMiddleware->call()
#10 /var/www/html/api/core/Directus/Application/Application.php(103): Slim\Slim->run()
#11 /var/www/html/api/api.php(533): Directus\Application\Application->run()
#12 {main}
ERROR - 2017-09-23T22:23:05-04:00 - Directus\Exception\ForbiddenException: Permission denied in /var/www/html/api/core/Directus/Database/TableSchema.php:182
Stack trace:
#0 /var/www/html/api/core/Directus/Database/TableGateway/BaseTableGateway.php(184): Directus\Database\TableSchema::getTableSchema('test-table', Array, false, false)
#1 /var/www/html/api/core/Directus/Database/TableGateway/BaseTableGateway.php(104): Directus\Database\TableGateway\BaseTableGateway->getTableSchema()
#2 /var/www/html/api/routes/A1/Entries.php(22): Directus\Database\TableGateway\BaseTableGateway->__construct('test-table', Object(Directus\Database\Connection), Object(Directus\Permissions\Acl))
#3 [internal function]: Directus\API\Routes\A1\Entries->rows('test-table')
#4 /var/www/html/vendor/slim/slim/Slim/Route.php(468): call_user_func_array(Array, Array)
#5 /var/www/html/vendor/slim/slim/Slim/Slim.php(1357): Slim\Route->dispatch()
#6 /var/www/html/vendor/slim/slim/Slim/Middleware/Flash.php(85): Slim\Slim->call()
#7 /var/www/html/vendor/slim/slim/Slim/Middleware/MethodOverride.php(92): Slim\Middleware\Flash->call()
#8 /var/www/html/api/core/Directus/Slim/CorsMiddleware.php(24): Slim\Middleware\MethodOverride->call()
#9 /var/www/html/vendor/slim/slim/Slim/Slim.php(1302): Directus\Slim\CorsMiddleware->call()
#10 /var/www/html/api/core/Directus/Application/Application.php(103): Slim\Slim->run()
#11 /var/www/html/api/api.php(533): Directus\Application\Application->run()
#12 {main}
ERROR - 2017-09-23T22:23:18-04:00 - Directus\Exception\ForbiddenException: Permission denied in /var/www/html/api/core/Directus/Database/TableSchema.php:182
Stack trace:
#0 /var/www/html/api/core/Directus/Database/TableGateway/BaseTableGateway.php(184): Directus\Database\TableSchema::getTableSchema('test-table', Array, false, false)
#1 /var/www/html/api/core/Directus/Database/TableGateway/BaseTableGateway.php(104): Directus\Database\TableGateway\BaseTableGateway->getTableSchema()
#2 /var/www/html/api/routes/A1/Entries.php(22): Directus\Database\TableGateway\BaseTableGateway->__construct('test-table', Object(Directus\Database\Connection), Object(Directus\Permissions\Acl))
#3 [internal function]: Directus\API\Routes\A1\Entries->rows('test-table')
#4 /var/www/html/vendor/slim/slim/Slim/Route.php(468): call_user_func_array(Array, Array)
#5 /var/www/html/vendor/slim/slim/Slim/Slim.php(1357): Slim\Route->dispatch()
#6 /var/www/html/vendor/slim/slim/Slim/Middleware/Flash.php(85): Slim\Slim->call()
#7 /var/www/html/vendor/slim/slim/Slim/Middleware/MethodOverride.php(92): Slim\Middleware\Flash->call()
#8 /var/www/html/api/core/Directus/Slim/CorsMiddleware.php(24): Slim\Middleware\MethodOverride->call()
#9 /var/www/html/vendor/slim/slim/Slim/Slim.php(1302): Directus\Slim\CorsMiddleware->call()
#10 /var/www/html/api/core/Directus/Application/Application.php(103): Slim\Slim->run()
#11 /var/www/html/api/api.php(533): Directus\Application\Application->run()
#12 {main}
ERROR - 2017-09-23T22:23:32-04:00 - Directus\Exception\ForbiddenException: Permission denied in /var/www/html/api/core/Directus/Database/TableSchema.php:182
Stack trace:
#0 /var/www/html/api/core/Directus/Database/TableGateway/BaseTableGateway.php(184): Directus\Database\TableSchema::getTableSchema('test-table', Array, false, false)
#1 /var/www/html/api/core/Directus/Database/TableGateway/BaseTableGateway.php(104): Directus\Database\TableGateway\BaseTableGateway->getTableSchema()
#2 /var/www/html/api/routes/A1/Entries.php(22): Directus\Database\TableGateway\BaseTableGateway->__construct('test-table', Object(Directus\Database\Connection), Object(Directus\Permissions\Acl))
#3 [internal function]: Directus\API\Routes\A1\Entries->rows('test-table')
#4 /var/www/html/vendor/slim/slim/Slim/Route.php(468): call_user_func_array(Array, Array)
#5 /var/www/html/vendor/slim/slim/Slim/Slim.php(1357): Slim\Route->dispatch()
#6 /var/www/html/vendor/slim/slim/Slim/Middleware/Flash.php(85): Slim\Slim->call()
#7 /var/www/html/vendor/slim/slim/Slim/Middleware/MethodOverride.php(92): Slim\Middleware\Flash->call()
#8 /var/www/html/api/core/Directus/Slim/CorsMiddleware.php(24): Slim\Middleware\MethodOverride->call()
#9 /var/www/html/vendor/slim/slim/Slim/Slim.php(1302): Directus\Slim\CorsMiddleware->call()
#10 /var/www/html/api/core/Directus/Application/Application.php(103): Slim\Slim->run()
#11 /var/www/html/api/api.php(533): Directus\Application\Application->run()
#12 {main}
ERROR - 2017-09-23T22:26:11-04:00 - Directus\Exception\ForbiddenException: Permission denied in /var/www/html/api/core/Directus/Database/TableSchema.php:182
Stack trace:
#0 /var/www/html/api/core/Directus/Database/TableGateway/BaseTableGateway.php(184): Directus\Database\TableSchema::getTableSchema('test-table', Array, false, false)
#1 /var/www/html/api/core/Directus/Database/TableGateway/BaseTableGateway.php(104): Directus\Database\TableGateway\BaseTableGateway->getTableSchema()
#2 /var/www/html/api/routes/A1/Entries.php(22): Directus\Database\TableGateway\BaseTableGateway->__construct('test-table', Object(Directus\Database\Connection), Object(Directus\Permissions\Acl))
#3 [internal function]: Directus\API\Routes\A1\Entries->rows('test-table')
#4 /var/www/html/vendor/slim/slim/Slim/Route.php(468): call_user_func_array(Array, Array)
#5 /var/www/html/vendor/slim/slim/Slim/Slim.php(1357): Slim\Route->dispatch()
#6 /var/www/html/vendor/slim/slim/Slim/Middleware/Flash.php(85): Slim\Slim->call()
#7 /var/www/html/vendor/slim/slim/Slim/Middleware/MethodOverride.php(92): Slim\Middleware\Flash->call()
#8 /var/www/html/api/core/Directus/Slim/CorsMiddleware.php(24): Slim\Middleware\MethodOverride->call()
#9 /var/www/html/vendor/slim/slim/Slim/Slim.php(1302): Directus\Slim\CorsMiddleware->call()
#10 /var/www/html/api/core/Directus/Application/Application.php(103): Slim\Slim->run()
#11 /var/www/html/api/api.php(533): Directus\Application\Application->run()
#12 {main}
ERROR - 2017-09-23T22:26:19-04:00 - Directus\Exception\ForbiddenException: Permission denied in /var/www/html/api/core/Directus/Database/TableSchema.php:182
Stack trace:
#0 /var/www/html/api/core/Directus/Database/TableGateway/BaseTableGateway.php(184): Directus\Database\TableSchema::getTableSchema('test-table', Array, false, false)
#1 /var/www/html/api/core/Directus/Database/TableGateway/BaseTableGateway.php(104): Directus\Database\TableGateway\BaseTableGateway->getTableSchema()
#2 /var/www/html/api/routes/A1/Entries.php(22): Directus\Database\TableGateway\BaseTableGateway->__construct('test-table', Object(Directus\Database\Connection), Object(Directus\Permissions\Acl))
#3 [internal function]: Directus\API\Routes\A1\Entries->rows('test-table')
#4 /var/www/html/vendor/slim/slim/Slim/Route.php(468): call_user_func_array(Array, Array)
#5 /var/www/html/vendor/slim/slim/Slim/Slim.php(1357): Slim\Route->dispatch()
#6 /var/www/html/vendor/slim/slim/Slim/Middleware/Flash.php(85): Slim\Slim->call()
#7 /var/www/html/vendor/slim/slim/Slim/Middleware/MethodOverride.php(92): Slim\Middleware\Flash->call()
#8 /var/www/html/api/core/Directus/Slim/CorsMiddleware.php(24): Slim\Middleware\MethodOverride->call()
#9 /var/www/html/vendor/slim/slim/Slim/Slim.php(1302): Directus\Slim\CorsMiddleware->call()
#10 /var/www/html/api/core/Directus/Application/Application.php(103): Slim\Slim->run()
#11 /var/www/html/api/api.php(533): Directus\Application\Application->run()
#12 {main}
ERROR - 2017-09-23T22:26:27-04:00 - Directus\Exception\ForbiddenException: Permission denied in /var/www/html/api/core/Directus/Database/TableSchema.php:182
Stack trace:
#0 /var/www/html/api/core/Directus/Database/TableGateway/BaseTableGateway.php(184): Directus\Database\TableSchema::getTableSchema('test-table', Array, false, false)
#1 /var/www/html/api/core/Directus/Database/TableGateway/BaseTableGateway.php(104): Directus\Database\TableGateway\BaseTableGateway->getTableSchema()
#2 /var/www/html/api/routes/A1/Entries.php(22): Directus\Database\TableGateway\BaseTableGateway->__construct('test-table', Object(Directus\Database\Connection), Object(Directus\Permissions\Acl))
#3 [internal function]: Directus\API\Routes\A1\Entries->rows('test-table')
#4 /var/www/html/vendor/slim/slim/Slim/Route.php(468): call_user_func_array(Array, Array)
#5 /var/www/html/vendor/slim/slim/Slim/Slim.php(1357): Slim\Route->dispatch()
#6 /var/www/html/vendor/slim/slim/Slim/Middleware/Flash.php(85): Slim\Slim->call()
#7 /var/www/html/vendor/slim/slim/Slim/Middleware/MethodOverride.php(92): Slim\Middleware\Flash->call()
#8 /var/www/html/api/core/Directus/Slim/CorsMiddleware.php(24): Slim\Middleware\MethodOverride->call()
#9 /var/www/html/vendor/slim/slim/Slim/Slim.php(1302): Directus\Slim\CorsMiddleware->call()
#10 /var/www/html/api/core/Directus/Application/Application.php(103): Slim\Slim->run()
#11 /var/www/html/api/api.php(533): Directus\Application\Application->run()
#12 {main}
