AH00558: apache2: Could not reliably determine the server's fully qualified domain name, using 172.19.0.4. Set the 'ServerName' directive globally to suppress this message
[Sun Sep 24 01:45:29.274403 2017] [mpm_prefork:notice] [pid 1] AH00163: Apache/2.4.10 (Debian) PHP/7.0.23 configured -- resuming normal operations
[Sun Sep 24 01:45:29.275068 2017] [core:notice] [pid 1] AH00094: Command line: 'apache2 -D FOREGROUND'
[Sun Sep 24 01:47:34.838466 2017] [mpm_prefork:notice] [pid 1] AH00169: caught SIGTERM, shutting down
AH00558: apache2: Could not reliably determine the server's fully qualified domain name, using 172.18.0.5. Set the 'ServerName' directive globally to suppress this message
[Sun Sep 24 01:48:36.448015 2017] [mpm_prefork:notice] [pid 1] AH00163: Apache/2.4.10 (Debian) PHP/7.0.23 configured -- resuming normal operations
[Sun Sep 24 01:48:36.448271 2017] [core:notice] [pid 1] AH00094: Command line: 'apache2 -D FOREGROUND'
[Sun Sep 24 01:51:28.363845 2017] [mpm_prefork:notice] [pid 1] AH00169: caught SIGTERM, shutting down
AH00558: apache2: Could not reliably determine the server's fully qualified domain name, using 172.18.0.5. Set the 'ServerName' directive globally to suppress this message
[Sun Sep 24 01:51:39.060501 2017] [mpm_prefork:notice] [pid 1] AH00163: Apache/2.4.10 (Debian) PHP/7.0.23 configured -- resuming normal operations
[Sun Sep 24 01:51:39.060996 2017] [core:notice] [pid 1] AH00094: Command line: 'apache2 -D FOREGROUND'
[Sun Sep 24 01:52:19.360457 2017] [mpm_prefork:notice] [pid 1] AH00169: caught SIGTERM, shutting down
AH00558: apache2: Could not reliably determine the server's fully qualified domain name, using 172.18.0.5. Set the 'ServerName' directive globally to suppress this message
[Sun Sep 24 01:52:20.544529 2017] [mpm_prefork:notice] [pid 1] AH00163: Apache/2.4.10 (Debian) PHP/7.0.23 configured -- resuming normal operations
[Sun Sep 24 01:52:20.545004 2017] [core:notice] [pid 1] AH00094: Command line: 'apache2 -D FOREGROUND'
sh: 1: -t: not found
[Sun Sep 24 02:33:01.598846 2017] [mpm_prefork:notice] [pid 1] AH00169: caught SIGTERM, shutting down
AH00558: apache2: Could not reliably determine the server's fully qualified domain name, using 172.18.0.5. Set the 'ServerName' directive globally to suppress this message
[Wed Sep 27 15:16:02.125617 2017] [mpm_prefork:notice] [pid 1] AH00163: Apache/2.4.10 (Debian) PHP/7.0.23 configured -- resuming normal operations
[Wed Sep 27 15:16:02.126253 2017] [core:notice] [pid 1] AH00094: Command line: 'apache2 -D FOREGROUND'
[Wed Sep 27 16:09:00.884307 2017] [mpm_prefork:notice] [pid 1] AH00169: caught SIGTERM, shutting down
AH00558: apache2: Could not reliably determine the server's fully qualified domain name, using 172.18.0.5. Set the 'ServerName' directive globally to suppress this message
[Sat Sep 30 17:05:54.884312 2017] [mpm_prefork:notice] [pid 1] AH00163: Apache/2.4.10 (Debian) PHP/7.0.23 configured -- resuming normal operations
[Sat Sep 30 17:05:54.885047 2017] [core:notice] [pid 1] AH00094: Command line: 'apache2 -D FOREGROUND'
[Sat Sep 30 21:11:02.373875 2017] [mpm_prefork:notice] [pid 1] AH00169: caught SIGTERM, shutting down
AH00558: apache2: Could not reliably determine the server's fully qualified domain name, using 172.18.0.5. Set the 'ServerName' directive globally to suppress this message
[Sun Oct 01 09:08:43.686067 2017] [mpm_prefork:notice] [pid 1] AH00163: Apache/2.4.10 (Debian) PHP/7.0.23 configured -- resuming normal operations
[Sun Oct 01 09:08:43.686341 2017] [core:notice] [pid 1] AH00094: Command line: 'apache2 -D FOREGROUND'
[Sun Oct 01 22:51:27.704970 2017] [mpm_prefork:notice] [pid 1] AH00169: caught SIGTERM, shutting down
AH00558: apache2: Could not reliably determine the server's fully qualified domain name, using 172.18.0.3. Set the 'ServerName' directive globally to suppress this message
[Sun Oct 01 22:52:12.046680 2017] [mpm_prefork:notice] [pid 1] AH00163: Apache/2.4.10 (Debian) PHP/7.0.23 configured -- resuming normal operations
[Sun Oct 01 22:52:12.047004 2017] [core:notice] [pid 1] AH00094: Command line: 'apache2 -D FOREGROUND'
[Sun Oct 01 22:52:18.293276 2017] [mpm_prefork:notice] [pid 1] AH00169: caught SIGTERM, shutting down
AH00558: apache2: Could not reliably determine the server's fully qualified domain name, using 172.18.0.4. Set the 'ServerName' directive globally to suppress this message
[Mon Oct 09 15:39:29.569813 2017] [mpm_prefork:notice] [pid 1] AH00163: Apache/2.4.10 (Debian) PHP/7.0.23 configured -- resuming normal operations
[Mon Oct 09 15:39:29.570165 2017] [core:notice] [pid 1] AH00094: Command line: 'apache2 -D FOREGROUND'
[Mon Oct 09 15:39:32.049402 2017] [mpm_prefork:notice] [pid 1] AH00169: caught SIGTERM, shutting down
AH00558: apache2: Could not reliably determine the server's fully qualified domain name, using 172.18.0.5. Set the 'ServerName' directive globally to suppress this message
[Mon Oct 09 15:39:39.745389 2017] [mpm_prefork:notice] [pid 1] AH00163: Apache/2.4.10 (Debian) PHP/7.0.23 configured -- resuming normal operations
[Mon Oct 09 15:39:39.745706 2017] [core:notice] [pid 1] AH00094: Command line: 'apache2 -D FOREGROUND'
[Mon Oct 09 15:45:05.939650 2017] [mpm_prefork:notice] [pid 1] AH00169: caught SIGTERM, shutting down
AH00558: apache2: Could not reliably determine the server's fully qualified domain name, using 172.18.0.4. Set the 'ServerName' directive globally to suppress this message
[Mon Oct 09 15:46:13.168294 2017] [mpm_prefork:notice] [pid 1] AH00163: Apache/2.4.10 (Debian) PHP/7.0.23 configured -- resuming normal operations
[Mon Oct 09 15:46:13.168673 2017] [core:notice] [pid 1] AH00094: Command line: 'apache2 -D FOREGROUND'
